proj1.obj : error LNK2019: unresolved external symbol __imp__glewInit@0 referenced in function "void __cdecl setupGLEW(void)" (?setupGLEW@@YAXXZ)
proj1.obj : error LNK2019: unresolved external symbol __imp__glewGetString@4 referenced in function "void __cdecl setupGLEW(void)" (?setupGLEW@@YAXXZ)
proj1.obj : error LNK2019: unresolved external symbol __imp__glutInitWindowPosition@8 referenced in function "void __cdecl setupGLUT(int,char * * const)" (?setupGLUT@@YAXHQAPAD@Z)
proj1.obj : error LNK2019: unresolved external symbol __imp__glutInitWindowSize@8 referenced in function "void __cdecl setupGLUT(int,char * * const)" (?setupGLUT@@YAXHQAPAD@Z)
proj1.obj : error LNK2019: unresolved external symbol __imp__glutInitDisplayMode@4 referenced in function "void __cdecl setupGLUT(int,char * * const)" (?setupGLUT@@YAXHQAPAD@Z)
proj1.obj : error LNK2019: unresolved external symbol __imp__glutMainLoop@0 referenced in function _main
proj1.obj : error LNK2019: unresolved external symbol __imp__glutReshapeFunc@4 referenced in function "void __cdecl setupCallbacks(void)" (?setupCallbacks@@YAXXZ)
proj1.obj : error LNK2019: unresolved external symbol __imp__glutDisplayFunc@4 referenced in function "void __cdecl setupCallbacks(void)" (?setupCallbacks@@YAXXZ)
proj1.obj : error LNK2019: unresolved external symbol __imp____glutInitWithExit@12 referenced in function _glutInit_ATEXIT_HACK@8
proj1.obj : error LNK2019: unresolved external symbol __imp____glutCreateWindowWithExit@8 referenced in function _glutCreateWindow_ATEXIT_HACK@4
proj1.obj : error LNK2019: unresolved external symbol __imp__glutCloseFunc@4 referenced in function "void __cdecl setupCallbacks(void)" (?setupCallbacks@@YAXXZ)
proj1.obj : error LNK2019: unresolved external symbol __imp__glutSetOption@8 referenced in function "void __cdecl setupGLUT(int,char * * const)" (?setupGLUT@@YAXHQAPAD@Z)
proj1.obj : error LNK2019: unresolved external symbol __imp__glutInitContextVersion@8 referenced in function "void __cdecl setupGLUT(int,char * * const)" (?setupGLUT@@YAXHQAPAD@Z)
proj1.obj : error LNK2019: unresolved external symbol __imp__glutInitContextFlags@4 referenced in function "void __cdecl setupGLUT(int,char * * const)" (?setupGLUT@@YAXHQAPAD@Z)
proj1.obj : error LNK2019: unresolved external symbol __imp__glutInitContextProfile@4 referenced in function "void __cdecl setupGLUT(int,char * * const)" (?setupGLUT@@YAXHQAPAD@Z)
proj1.obj : error LNK2001: unresolved external symbol __imp____glewBindBuffer
proj1.obj : error LNK2001: unresolved external symbol __imp____glewBufferData
proj1.obj : error LNK2001: unresolved external symbol __imp____glewDeleteBuffers
proj1.obj : error LNK2001: unresolved external symbol __imp____glewGenBuffers
proj1.obj : error LNK2001: unresolved external symbol __imp____glewAttachShader
proj1.obj : error LNK2001: unresolved external symbol __imp____glewBindAttribLocation
proj1.obj : error LNK2001: unresolved external symbol __imp____glewCompileShader
proj1.obj : error LNK2001: unresolved external symbol __imp____glewCreateProgram
proj1.obj : error LNK2001: unresolved external symbol __imp____glewCreateShader
proj1.obj : error LNK2001: unresolved external symbol __imp____glewDeleteProgram
proj1.obj : error LNK2001: unresolved external symbol __imp____glewDeleteShader
proj1.obj : error LNK2001: unresolved external symbol __imp____glewDetachShader
proj1.obj : error LNK2001: unresolved external symbol __imp____glewDisableVertexAttribArray
proj1.obj : error LNK2001: unresolved external symbol __imp____glewEnableVertexAttribArray
proj1.obj : error LNK2001: unresolved external symbol __imp____glewGetUniformLocation
proj1.obj : error LNK2001: unresolved external symbol __imp____glewLinkProgram
proj1.obj : error LNK2001: unresolved external symbol __imp____glewShaderSource
proj1.obj : error LNK2001: unresolved external symbol __imp____glewUniformMatrix4fv
proj1.obj : error LNK2001: unresolved external symbol __imp____glewUseProgram
proj1.obj : error LNK2001: unresolved external symbol __imp____glewVertexAttribPointer
proj1.obj : error LNK2001: unresolved external symbol __imp____glewBindVertexArray
proj1.obj : error LNK2001: unresolved external symbol __imp____glewDeleteVertexArrays
proj1.obj : error LNK2001: unresolved external symbol __imp____glewGenVertexArrays
proj1.obj : error LNK2001: unresolved external symbol __imp__glewExperimental
C:\Users\tiago\OneDrive\Área de Trabalho\Nova pasta\Allprojects\\..\dependencies\freeglut\lib\x64\freeglut.lib : warning LNK4272: library machine type 'x64' conflicts with target machine type 'x86'
C:\Users\tiago\OneDrive\Área de Trabalho\Nova pasta\Allprojects\\..\dependencies\glew\lib\Release\x64\glew32.lib : warning LNK4272: library machine type 'x64' conflicts with target machine type 'x86'
C:\Users\tiago\OneDrive\Área de Trabalho\Nova pasta\Allprojects\\..\bin\Win32\proj1.exe : fatal error LNK1120: 39 unresolved externals
